The system is: Windows - 10.0.17134 - AMD64
Compiling the C compiler identification source file "CMakeCCompilerId.c" succeeded.
Compiler: C:/Program Files (x86)/Microsoft Visual Studio/2019/Community/VC/Tools/MSVC/14.20.27508/bin/Hostx86/x86/cl.exe 
Build flags: 
Id flags:  

The output was:
0
Оптимизирующий компилятор Microsoft (R) C/C++ версии 19.20.27508.1 для x86
(C) Корпорация Майкрософт (Microsoft Corporation).  Все права защищены.

CMakeCCompilerId.c
Microsoft (R) Incremental Linker Version 14.20.27508.1
Copyright (C) Microsoft Corporation.  All rights reserved.

/out:CMakeCCompilerId.exe 
CMakeCCompilerId.obj 


Compilation of the C compiler identification source "CMakeCCompilerId.c" produced "CMakeCCompilerId.exe"

Compilation of the C compiler identification source "CMakeCCompilerId.c" produced "CMakeCCompilerId.obj"

The C compiler identification is MSVC, found in "D:/University/CLion Projects/Task4Lab/cmake-build-debug/CMakeFiles/3.14.3/CompilerIdC/CMakeCCompilerId.exe"

Determining if the C compiler works passed with the following output:
Change Dir: D:/University/CLion Projects/Task4Lab/cmake-build-debug/CMakeFiles/CMakeTmp

Run Build Command(s):nmake /nologo cmTC_81bf4\fast 
	"C:\Program Files (x86)\Microsoft Visual Studio\2019\Community\VC\Tools\MSVC\14.20.27508\bin\HostX86\x86\nmake.exe" -f CMakeFiles\cmTC_81bf4.dir\build.make /nologo -L                  CMakeFiles\cmTC_81bf4.dir\build
Building C object CMakeFiles/cmTC_81bf4.dir/testCCompiler.c.obj
	C:\PROGRA~2\MICROS~4\2019\COMMUN~1\VC\Tools\MSVC\1420~1.275\bin\Hostx86\x86\cl.exe @C:\Users\dubro\AppData\Local\Temp\nm317E.tmp
testCCompiler.c
Linking C executable cmTC_81bf4.exe
	"C:\Program Files\JetBrains\CLion 2018.3.4\bin\cmake\win\bin\cmake.exe" -E vs_link_exe --intdir=CMakeFiles\cmTC_81bf4.dir --rc=C:\PROGRA~2\WI3CF2~1\10\bin\100177~1.0\x86\rc.exe --mt=C:\PROGRA~2\WI3CF2~1\10\bin\100177~1.0\x86\mt.exe --manifests  -- C:\PROGRA~2\MICROS~4\2019\COMMUN~1\VC\Tools\MSVC\1420~1.275\bin\Hostx86\x86\link.exe /nologo @CMakeFiles\cmTC_81bf4.dir\objects1.rsp @C:\Users\dubro\AppData\Local\Temp\nm3315.tmp


Detecting C compiler ABI info compiled with the following output:
Change Dir: D:/University/CLion Projects/Task4Lab/cmake-build-debug/CMakeFiles/CMakeTmp

Run Build Command(s):nmake /nologo cmTC_5cb55\fast 
	"C:\Program Files (x86)\Microsoft Visual Studio\2019\Community\VC\Tools\MSVC\14.20.27508\bin\HostX86\x86\nmake.exe" -f CMakeFiles\cmTC_5cb55.dir\build.make /nologo -L                  CMakeFiles\cmTC_5cb55.dir\build
Building C object CMakeFiles/cmTC_5cb55.dir/CMakeCCompilerABI.c.obj
	C:\PROGRA~2\MICROS~4\2019\COMMUN~1\VC\Tools\MSVC\1420~1.275\bin\Hostx86\x86\cl.exe @C:\Users\dubro\AppData\Local\Temp\nm36AE.tmp
CMakeCCompilerABI.c
Linking C executable cmTC_5cb55.exe
	"C:\Program Files\JetBrains\CLion 2018.3.4\bin\cmake\win\bin\cmake.exe" -E vs_link_exe --intdir=CMakeFiles\cmTC_5cb55.dir --rc=C:\PROGRA~2\WI3CF2~1\10\bin\100177~1.0\x86\rc.exe --mt=C:\PROGRA~2\WI3CF2~1\10\bin\100177~1.0\x86\mt.exe --manifests  -- C:\PROGRA~2\MICROS~4\2019\COMMUN~1\VC\Tools\MSVC\1420~1.275\bin\Hostx86\x86\link.exe /nologo @CMakeFiles\cmTC_5cb55.dir\objects1.rsp @C:\Users\dubro\AppData\Local\Temp\nm371D.tmp




Detecting C [] compiler features compiled with the following output:
Change Dir: D:/University/CLion Projects/Task4Lab/cmake-build-debug/CMakeFiles/CMakeTmp

Run Build Command(s):nmake /nologo cmTC_7c12e\fast 
	"C:\Program Files (x86)\Microsoft Visual Studio\2019\Community\VC\Tools\MSVC\14.20.27508\bin\HostX86\x86\nmake.exe" -f CMakeFiles\cmTC_7c12e.dir\build.make /nologo -L                  CMakeFiles\cmTC_7c12e.dir\build
Building C object CMakeFiles/cmTC_7c12e.dir/feature_tests.c.obj
	C:\PROGRA~2\MICROS~4\2019\COMMUN~1\VC\Tools\MSVC\1420~1.275\bin\Hostx86\x86\cl.exe @C:\Users\dubro\AppData\Local\Temp\nm399C.tmp
feature_tests.c
Linking C executable cmTC_7c12e.exe
	"C:\Program Files\JetBrains\CLion 2018.3.4\bin\cmake\win\bin\cmake.exe" -E vs_link_exe --intdir=CMakeFiles\cmTC_7c12e.dir --rc=C:\PROGRA~2\WI3CF2~1\10\bin\100177~1.0\x86\rc.exe --mt=C:\PROGRA~2\WI3CF2~1\10\bin\100177~1.0\x86\mt.exe --manifests  -- C:\PROGRA~2\MICROS~4\2019\COMMUN~1\VC\Tools\MSVC\1420~1.275\bin\Hostx86\x86\link.exe /nologo @CMakeFiles\cmTC_7c12e.dir\objects1.rsp @C:\Users\dubro\AppData\Local\Temp\nm39FB.tmp


    Feature record: C_FEATURE:1c_function_prototypes
    Feature record: C_FEATURE:1c_variadic_macros
